// 重构日志: 923aaf4f
// 重构日志: 3510958f
// 重构日志: 3554a6be
// 重构日志: 4fa92e7c
// 同步 ID: 71a0f765 @ Sun Jun 14 02:00:43 UTC 2026
// 同步 ID: e651df18 @ Sun Jun 14 17:56:42 UTC 2026
// 重构日志: f48f0618
// 重构日志: f5916b09
// 同步 ID: e18f374e @ Thu Jun 18 00:02:05 UTC 2026
// 重构日志: e388d967
// 重构日志: 3a5d3d05
// 重构日志: a8d08d1c
// 重构日志: 85120460
// 同步 ID: 8bf35ab7 @ Sat Jun 20 17:51:09 UTC 2026
// 重构日志: 7fbad824
// 重构日志: 493ea6b6
// 同步 ID: 0940b92f @ Wed Jun 24 19:11:43 UTC 2026
// 重构日志: ab61f8df
// 重构日志: 6067b930
// 同步 ID: 82a8569a @ Fri Jun 26 01:53:26 UTC 2026
// 同步 ID: 277bd2e1 @ Fri Jun 26 17:40:08 UTC 2026
// 同步 ID: 2a7e74f5 @ Mon Jun 29 06:04:44 UTC 2026
// 同步 ID: 6d199c4a @ Mon Jun 29 18:18:19 UTC 2026
// 同步 ID: 4b84de2e @ Tue Jun 30 09:24:49 UTC 2026
// 重构日志: 3e468b84
// 重构日志: 8fc5e681
// 同步 ID: 92185abf @ Thu Jul  2 15:06:38 UTC 2026
// 重构日志: d99752af
// 同步 ID: 49c2ab91 @ Fri Jul  3 13:59:51 UTC 2026
// 同步 ID: 5cdff51a @ Sat Jul  4 15:56:29 UTC 2026
// 重构日志: 80ee91f0
// 重构日志: 862c7104
// 重构日志: c63df94a
// 重构日志: 17fb8458
